Arguments: 
  /usr/local/bin/node /usr/share/yarn/bin/yarn.js

PATH: 
  /home/hrithik/.local/bin:/home/hrithik/bin:/usr/local/bin:/home/hrithik/.zinit/polaris/bin:/home/hrithik/.local/bin:/home/hrithik/bin:/usr/local/bin:/opt/gradle/gradle-5.2.1/bin:/usr/local/sbin:/usr/local/bin:/usr/sbin:/usr/bin:/sbin:/bin:/usr/games:/usr/local/games:/snap/bin:/usr/local/go/bin:/home/hrithik/work/bin:/usr/local/go/bin:/usr/local/bin:/usr/local/go/bin:/usr/local/bin

Yarn version: 
  1.22.5

Node version: 
  14.16.0

Platform: 
  linux x64

Trace: 
  SyntaxError: /home/hrithik/ProJects/cool-guides/package.json: Unexpected string in JSON at position 1022
      at JSON.parse (<anonymous>)
      at /usr/share/yarn/lib/cli.js:1625:59
      at Generator.next (<anonymous>)
      at step (/usr/share/yarn/lib/cli.js:310:30)
      at /usr/share/yarn/lib/cli.js:321:13

npm manifest: 
  {
    "name": "expo-app",
    "version": "0.1.0",
    "scripts": {
      "start": "expo start",
      "android": "expo start --android",
      "ios": "expo start --ios",
      "web": "expo start --web",
      "eject": "expo eject"
    },
    "dependencies": {
      "@react-navigation/bottom-tabs": "^6.0.9",
      "@react-navigation/native": "^6.0.6",
      "@react-navigation/native-stack": "^6.2.5",
      "@react-navigation/web": "^1.0.0-alpha.9",
      "expo": "~42.0.1",
      "expo-status-bar": "~1.0.4",
      "firebase": "8.2.3",
      "react": "16.13.1",
      "react-dom": "^17.0.2",
      "react-native": "0.63.4",
      "react-native-image-zoom-viewer": "^3.0.1",
      "react-native-paper": "^4.9.2",
      "react-native-safe-area-context": "3.2.0",
      "react-native-screens": "~3.4.0",
      "react-native-web": "^0.17.5"
    },
    "devDependencies": {
      "@babel/core": "^7.9.0",
      "@expo/webpack-config": "^0.16.6",
      "@types/react": "~16.9.35",
      "@types/react-native": "~0.63.2",
      "babel-preset-expo": "^8.5.1",
      "typescript": "~4.0.0"
      "workbox-webpack-plugin": "^6.1.5",
      "workbox-background-sync": "^6.1.5",
      "workbox-broadcast-update": "^6.1.5",
      "workbox-cacheable-response": "^6.1.5",
      "workbox-core": "^6.1.5",
      "workbox-expiration": "^6.1.5",
      "workbox-google-analytics": "^6.1.5",
      "workbox-navigation-preload": "^6.1.5",
      "workbox-precaching": "^6.1.5",
      "workbox-range-requests": "^6.1.5",
      "workbox-routing": "^6.1.5",
      "workbox-strategies": "^6.1.5",
      "workbox-streams": "^6.1.5"
    },
    "private": true
  }

yarn manifest: 
  No manifest

Lockfile: 
  No lockfile
